/!\ FAILSAFE /!\  Mon Feb 15 15:44:06 +0530 2016
  Status: 500 Internal Server Error
  Unknown database 'task_5_production'
    /usr/local/rvm/gems/ree-1.8.7-2012.02/gems/activerecord-2.3.8/lib/active_record/connection_adapters/mysql_adapter.rb:619:in `real_connect'
    /usr/local/rvm/gems/ree-1.8.7-2012.02/gems/activerecord-2.3.8/lib/active_record/connection_adapters/mysql_adapter.rb:619:in `connect'
    /usr/local/rvm/gems/ree-1.8.7-2012.02/gems/activerecord-2.3.8/lib/active_record/connection_adapters/mysql_adapter.rb:203:in `initialize'
    /usr/local/rvm/gems/ree-1.8.7-2012.02/gems/activerecord-2.3.8/lib/active_record/connection_adapters/mysql_adapter.rb:75:in `new'
    /usr/local/rvm/gems/ree-1.8.7-2012.02/gems/activerecord-2.3.8/lib/active_record/connection_adapters/mysql_adapter.rb:75:in `mysql_connection'
    /usr/local/rvm/gems/ree-1.8.7-2012.02/gems/activerecord-2.3.8/lib/active_record/connection_adapters/abstract/connection_pool.rb:223:in `send'
    /usr/local/rvm/gems/ree-1.8.7-2012.02/gems/activerecord-2.3.8/lib/active_record/connection_adapters/abstract/connection_pool.rb:223:in `new_connection'
    /usr/local/rvm/gems/ree-1.8.7-2012.02/gems/activerecord-2.3.8/lib/active_record/connection_adapters/abstract/connection_pool.rb:245:in `checkout_new_connection'
    /usr/local/rvm/gems/ree-1.8.7-2012.02/gems/activerecord-2.3.8/lib/active_record/connection_adapters/abstract/connection_pool.rb:188:in `checkout'
    /usr/local/rvm/gems/ree-1.8.7-2012.02/gems/activerecord-2.3.8/lib/active_record/connection_adapters/abstract/connection_pool.rb:184:in `loop'
    /usr/local/rvm/gems/ree-1.8.7-2012.02/gems/activerecord-2.3.8/lib/active_record/connection_adapters/abstract/connection_pool.rb:184:in `checkout'
    /usr/local/rvm/rubies/ree-1.8.7-2012.02/lib/ruby/1.8/monitor.rb:242:in `synchronize'
    /usr/local/rvm/gems/ree-1.8.7-2012.02/gems/activerecord-2.3.8/lib/active_record/connection_adapters/abstract/connection_pool.rb:183:in `checkout'
    /usr/local/rvm/gems/ree-1.8.7-2012.02/gems/activerecord-2.3.8/lib/active_record/connection_adapters/abstract/connection_pool.rb:98:in `connection'
    /usr/local/rvm/gems/ree-1.8.7-2012.02/gems/activerecord-2.3.8/lib/active_record/connection_adapters/abstract/connection_pool.rb:326:in `retrieve_connection'
    /usr/local/rvm/gems/ree-1.8.7-2012.02/gems/activerecord-2.3.8/lib/active_record/connection_adapters/abstract/connection_specification.rb:123:in `retrieve_connection'
    /usr/local/rvm/gems/ree-1.8.7-2012.02/gems/activerecord-2.3.8/lib/active_record/connection_adapters/abstract/connection_specification.rb:115:in `connection'
    /usr/local/rvm/gems/ree-1.8.7-2012.02/gems/activerecord-2.3.8/lib/active_record/query_cache.rb:9:in `cache'
    /usr/local/rvm/gems/ree-1.8.7-2012.02/gems/activerecord-2.3.8/lib/active_record/query_cache.rb:28:in `call'
    /usr/local/rvm/gems/ree-1.8.7-2012.02/gems/activerecord-2.3.8/lib/active_record/connection_adapters/abstract/connection_pool.rb:361:in `call'
    /usr/local/rvm/gems/ree-1.8.7-2012.02/gems/actionpack-2.3.8/lib/action_controller/string_coercion.rb:25:in `call'
    /usr/local/rvm/gems/ree-1.8.7-2012.02/gems/rack-1.1.6/lib/rack/head.rb:9:in `call'
    /usr/local/rvm/gems/ree-1.8.7-2012.02/gems/rack-1.1.6/lib/rack/methodoverride.rb:24:in `call'
    /usr/local/rvm/gems/ree-1.8.7-2012.02/gems/actionpack-2.3.8/lib/action_controller/params_parser.rb:15:in `call'
    /usr/local/rvm/gems/ree-1.8.7-2012.02/gems/actionpack-2.3.8/lib/action_controller/session/cookie_store.rb:99:in `call'
    /usr/local/rvm/gems/ree-1.8.7-2012.02/gems/activesupport-2.3.8/lib/active_support/cache/strategy/local_cache.rb:25:in `call'
    /usr/local/rvm/gems/ree-1.8.7-2012.02/gems/actionpack-2.3.8/lib/action_controller/failsafe.rb:26:in `call'
    /usr/local/rvm/gems/ree-1.8.7-2012.02/gems/rack-1.1.6/lib/rack/lock.rb:11:in `call'
    /usr/local/rvm/gems/ree-1.8.7-2012.02/gems/rack-1.1.6/lib/rack/lock.rb:11:in `synchronize'
    /usr/local/rvm/gems/ree-1.8.7-2012.02/gems/rack-1.1.6/lib/rack/lock.rb:11:in `call'
    /usr/local/rvm/gems/ree-1.8.7-2012.02/gems/actionpack-2.3.8/lib/action_controller/dispatcher.rb:106:in `call'
    /usr/local/rvm/gems/ree-1.8.7-2012.02/gems/rails-2.3.8/lib/rails/rack/static.rb:31:in `call'
    /usr/local/rvm/gems/ree-1.8.7-2012.02/gems/rack-1.1.6/lib/rack/urlmap.rb:47:in `call'
    /usr/local/rvm/gems/ree-1.8.7-2012.02/gems/rack-1.1.6/lib/rack/urlmap.rb:41:in `each'
    /usr/local/rvm/gems/ree-1.8.7-2012.02/gems/rack-1.1.6/lib/rack/urlmap.rb:41:in `call'
    /usr/local/rvm/gems/ree-1.8.7-2012.02/gems/rails-2.3.8/lib/rails/rack/log_tailer.rb:17:in `call'
    /usr/local/rvm/gems/ree-1.8.7-2012.02/gems/rack-1.1.6/lib/rack/content_length.rb:13:in `call'
    /usr/local/rvm/gems/ree-1.8.7-2012.02/gems/rack-1.1.6/lib/rack/handler/webrick.rb:48:in `service'
    /usr/local/rvm/rubies/ree-1.8.7-2012.02/lib/ruby/1.8/webrick/httpserver.rb:104:in `service'
    /usr/local/rvm/rubies/ree-1.8.7-2012.02/lib/ruby/1.8/webrick/httpserver.rb:65:in `run'
    /usr/local/rvm/rubies/ree-1.8.7-2012.02/lib/ruby/1.8/webrick/server.rb:173:in `start_thread'
    /usr/local/rvm/rubies/ree-1.8.7-2012.02/lib/ruby/1.8/webrick/server.rb:162:in `start'
    /usr/local/rvm/rubies/ree-1.8.7-2012.02/lib/ruby/1.8/webrick/server.rb:162
/!\ FAILSAFE /!\  Mon Feb 15 15:44:07 +0530 2016
  Status: 500 Internal Server Error
  Unknown database 'task_5_production'
    /usr/local/rvm/gems/ree-1.8.7-2012.02/gems/activerecord-2.3.8/lib/active_record/connection_adapters/mysql_adapter.rb:619:in `real_connect'
    /usr/local/rvm/gems/ree-1.8.7-2012.02/gems/activerecord-2.3.8/lib/active_record/connection_adapters/mysql_adapter.rb:619:in `connect'
    /usr/local/rvm/gems/ree-1.8.7-2012.02/gems/activerecord-2.3.8/lib/active_record/connection_adapters/mysql_adapter.rb:203:in `initialize'
    /usr/local/rvm/gems/ree-1.8.7-2012.02/gems/activerecord-2.3.8/lib/active_record/connection_adapters/mysql_adapter.rb:75:in `new'
    /usr/local/rvm/gems/ree-1.8.7-2012.02/gems/activerecord-2.3.8/lib/active_record/connection_adapters/mysql_adapter.rb:75:in `mysql_connection'
    /usr/local/rvm/gems/ree-1.8.7-2012.02/gems/activerecord-2.3.8/lib/active_record/connection_adapters/abstract/connection_pool.rb:223:in `send'
    /usr/local/rvm/gems/ree-1.8.7-2012.02/gems/activerecord-2.3.8/lib/active_record/connection_adapters/abstract/connection_pool.rb:223:in `new_connection'
    /usr/local/rvm/gems/ree-1.8.7-2012.02/gems/activerecord-2.3.8/lib/active_record/connection_adapters/abstract/connection_pool.rb:245:in `checkout_new_connection'
    /usr/local/rvm/gems/ree-1.8.7-2012.02/gems/activerecord-2.3.8/lib/active_record/connection_adapters/abstract/connection_pool.rb:188:in `checkout'
    /usr/local/rvm/gems/ree-1.8.7-2012.02/gems/activerecord-2.3.8/lib/active_record/connection_adapters/abstract/connection_pool.rb:184:in `loop'
    /usr/local/rvm/gems/ree-1.8.7-2012.02/gems/activerecord-2.3.8/lib/active_record/connection_adapters/abstract/connection_pool.rb:184:in `checkout'
    /usr/local/rvm/rubies/ree-1.8.7-2012.02/lib/ruby/1.8/monitor.rb:242:in `synchronize'
    /usr/local/rvm/gems/ree-1.8.7-2012.02/gems/activerecord-2.3.8/lib/active_record/connection_adapters/abstract/connection_pool.rb:183:in `checkout'
    /usr/local/rvm/gems/ree-1.8.7-2012.02/gems/activerecord-2.3.8/lib/active_record/connection_adapters/abstract/connection_pool.rb:98:in `connection'
    /usr/local/rvm/gems/ree-1.8.7-2012.02/gems/activerecord-2.3.8/lib/active_record/connection_adapters/abstract/connection_pool.rb:326:in `retrieve_connection'
    /usr/local/rvm/gems/ree-1.8.7-2012.02/gems/activerecord-2.3.8/lib/active_record/connection_adapters/abstract/connection_specification.rb:123:in `retrieve_connection'
    /usr/local/rvm/gems/ree-1.8.7-2012.02/gems/activerecord-2.3.8/lib/active_record/connection_adapters/abstract/connection_specification.rb:115:in `connection'
    /usr/local/rvm/gems/ree-1.8.7-2012.02/gems/activerecord-2.3.8/lib/active_record/query_cache.rb:9:in `cache'
    /usr/local/rvm/gems/ree-1.8.7-2012.02/gems/activerecord-2.3.8/lib/active_record/query_cache.rb:28:in `call'
    /usr/local/rvm/gems/ree-1.8.7-2012.02/gems/activerecord-2.3.8/lib/active_record/connection_adapters/abstract/connection_pool.rb:361:in `call'
    /usr/local/rvm/gems/ree-1.8.7-2012.02/gems/actionpack-2.3.8/lib/action_controller/string_coercion.rb:25:in `call'
    /usr/local/rvm/gems/ree-1.8.7-2012.02/gems/rack-1.1.6/lib/rack/head.rb:9:in `call'
    /usr/local/rvm/gems/ree-1.8.7-2012.02/gems/rack-1.1.6/lib/rack/methodoverride.rb:24:in `call'
    /usr/local/rvm/gems/ree-1.8.7-2012.02/gems/actionpack-2.3.8/lib/action_controller/params_parser.rb:15:in `call'
    /usr/local/rvm/gems/ree-1.8.7-2012.02/gems/actionpack-2.3.8/lib/action_controller/session/cookie_store.rb:99:in `call'
    /usr/local/rvm/gems/ree-1.8.7-2012.02/gems/activesupport-2.3.8/lib/active_support/cache/strategy/local_cache.rb:25:in `call'
    /usr/local/rvm/gems/ree-1.8.7-2012.02/gems/actionpack-2.3.8/lib/action_controller/failsafe.rb:26:in `call'
    /usr/local/rvm/gems/ree-1.8.7-2012.02/gems/rack-1.1.6/lib/rack/lock.rb:11:in `call'
    /usr/local/rvm/gems/ree-1.8.7-2012.02/gems/rack-1.1.6/lib/rack/lock.rb:11:in `synchronize'
    /usr/local/rvm/gems/ree-1.8.7-2012.02/gems/rack-1.1.6/lib/rack/lock.rb:11:in `call'
    /usr/local/rvm/gems/ree-1.8.7-2012.02/gems/actionpack-2.3.8/lib/action_controller/dispatcher.rb:106:in `call'
    /usr/local/rvm/gems/ree-1.8.7-2012.02/gems/rails-2.3.8/lib/rails/rack/static.rb:31:in `call'
    /usr/local/rvm/gems/ree-1.8.7-2012.02/gems/rack-1.1.6/lib/rack/urlmap.rb:47:in `call'
    /usr/local/rvm/gems/ree-1.8.7-2012.02/gems/rack-1.1.6/lib/rack/urlmap.rb:41:in `each'
    /usr/local/rvm/gems/ree-1.8.7-2012.02/gems/rack-1.1.6/lib/rack/urlmap.rb:41:in `call'
    /usr/local/rvm/gems/ree-1.8.7-2012.02/gems/rails-2.3.8/lib/rails/rack/log_tailer.rb:17:in `call'
    /usr/local/rvm/gems/ree-1.8.7-2012.02/gems/rack-1.1.6/lib/rack/content_length.rb:13:in `call'
    /usr/local/rvm/gems/ree-1.8.7-2012.02/gems/rack-1.1.6/lib/rack/handler/webrick.rb:48:in `service'
    /usr/local/rvm/rubies/ree-1.8.7-2012.02/lib/ruby/1.8/webrick/httpserver.rb:104:in `service'
    /usr/local/rvm/rubies/ree-1.8.7-2012.02/lib/ruby/1.8/webrick/httpserver.rb:65:in `run'
    /usr/local/rvm/rubies/ree-1.8.7-2012.02/lib/ruby/1.8/webrick/server.rb:173:in `start_thread'
    /usr/local/rvm/rubies/ree-1.8.7-2012.02/lib/ruby/1.8/webrick/server.rb:162:in `start'
    /usr/local/rvm/rubies/ree-1.8.7-2012.02/lib/ruby/1.8/webrick/server.rb:162


Processing CountriesController#index (for 127.0.0.1 at 2016-02-15 15:45:18) [GET]
Rendering template within layouts/countries
Rendering countries/index
localhost:11211 failed (count: 0)
DalliError: No server available
Completed in 205ms (View: 204, DB: 0) | 200 OK [http://localhost/]


Processing CountriesController#index (for 127.0.0.1 at 2016-02-15 17:18:18) [GET]
Rendering template within layouts/countries
Rendering countries/index
localhost:11211 failed (count: 0)
DalliError: No server available
Completed in 207ms (View: 205, DB: 0) | 200 OK [http://localhost/]


Processing Jammit::Controller#package (for 127.0.0.1 at 2016-02-15 17:18:18) [GET]
  Parameters: {"extension"=>"css", "package"=>"common-datauri"}
Completed in 591ms (View: 1, DB: 0) | 200 OK [http://localhost/packages/common-datauri.css]


Processing Jammit::Controller#package (for 127.0.0.1 at 2016-02-15 17:18:19) [GET]
  Parameters: {"extension"=>"js", "package"=>"common"}
Completed in 2805ms (View: 1, DB: 0) | 200 OK [http://localhost/packages/common.js]


Processing WithcontinentsController#index (for 127.0.0.1 at 2016-02-15 17:18:24) [GET]
Rendering withcontinents/index
Completed in 7ms (View: 4, DB: 1) | 200 OK [http://localhost/withcontinents]


Processing WithcontinentsController#show (for 127.0.0.1 at 2016-02-15 17:18:25) [GET]
  Parameters: {"id"=>"9"}
Rendering template within layouts/countries
Rendering withcontinents/show
localhost:11211 failed (count: 1)
localhost:11211 is down
DalliError: No server available
Completed in 6ms (View: 5, DB: 0) | 200 OK [http://localhost/withcontinents/9]


Processing WithoutcontinentsController#index (for 127.0.0.1 at 2016-02-15 17:18:26) [GET]
Rendering withoutcontinents/index
Completed in 7ms (View: 3, DB: 1) | 200 OK [http://localhost/withoutcontinents]


Processing WithoutcontinentsController#show (for 127.0.0.1 at 2016-02-15 17:18:27) [GET]
  Parameters: {"id"=>"10"}
Rendering template within layouts/countries
Rendering withoutcontinents/show
localhost:11211 failed (count: 2)
DalliError: No server available
Completed in 4ms (View: 3, DB: 0) | 200 OK [http://localhost/withoutcontinents/10]


Processing CommentsController#index (for 127.0.0.1 at 2016-02-15 17:18:29) [GET]
  Parameters: {"country_id"=>"10"}

NoMethodError (undefined method `paginate' for #<Array:0x7fb99e96d5e8>):
  app/controllers/comments_controller.rb:7:in `index'
  /usr/local/rvm/rubies/ree-1.8.7-2012.02/lib/ruby/1.8/webrick/httpserver.rb:104:in `service'
  /usr/local/rvm/rubies/ree-1.8.7-2012.02/lib/ruby/1.8/webrick/httpserver.rb:65:in `run'
  /usr/local/rvm/rubies/ree-1.8.7-2012.02/lib/ruby/1.8/webrick/server.rb:173:in `start_thread'
  /usr/local/rvm/rubies/ree-1.8.7-2012.02/lib/ruby/1.8/webrick/server.rb:162:in `start'
  /usr/local/rvm/rubies/ree-1.8.7-2012.02/lib/ruby/1.8/webrick/server.rb:162

Rendering rescues/layout (internal_server_error)


Processing CountriesController#new (for 127.0.0.1 at 2016-02-15 17:18:40) [GET]
localhost:11211 failed (count: 3)
DalliError: No server available
Redirected to http://localhost:3000/login
Filter chain halted as [:check_user] rendered_or_redirected.
Completed in 1ms (DB: 1) | 302 Found [http://localhost/countries/new]


Processing SessionsController#login (for 127.0.0.1 at 2016-02-15 17:18:40) [GET]
Rendering template within layouts/countries
Rendering sessions/login
DalliError: No server available
Completed in 6ms (View: 4, DB: 0) | 200 OK [http://localhost/login]


Processing WithcontinentsController#index (for 127.0.0.1 at 2016-02-15 17:18:41) [GET]
Rendering withcontinents/index
Completed in 3ms (View: 2, DB: 0) | 200 OK [http://localhost/withcontinents]


Processing WithcontinentsController#show (for 127.0.0.1 at 2016-02-15 17:18:42) [GET]
  Parameters: {"id"=>"9"}
Rendering template within layouts/countries
Rendering withcontinents/show
localhost:11211 failed (count: 4)
DalliError: No server available
Completed in 5ms (View: 4, DB: 0) | 200 OK [http://localhost/withcontinents/9]


Processing CommentsController#index (for 127.0.0.1 at 2016-02-15 17:18:43) [GET]
  Parameters: {"country_id"=>"9"}

NoMethodError (undefined method `paginate' for #<Array:0x7fb99e7667e0>):
  app/controllers/comments_controller.rb:7:in `index'
  /usr/local/rvm/rubies/ree-1.8.7-2012.02/lib/ruby/1.8/webrick/httpserver.rb:104:in `service'
  /usr/local/rvm/rubies/ree-1.8.7-2012.02/lib/ruby/1.8/webrick/httpserver.rb:65:in `run'
  /usr/local/rvm/rubies/ree-1.8.7-2012.02/lib/ruby/1.8/webrick/server.rb:173:in `start_thread'
  /usr/local/rvm/rubies/ree-1.8.7-2012.02/lib/ruby/1.8/webrick/server.rb:162:in `start'
  /usr/local/rvm/rubies/ree-1.8.7-2012.02/lib/ruby/1.8/webrick/server.rb:162

Rendering rescues/layout (internal_server_error)


Processing CountriesController#index (for 127.0.0.1 at 2016-02-15 17:21:45) [GET]
Rendering template within layouts/countries
Rendering countries/index
localhost:11211 failed (count: 0)
DalliError: No server available
Completed in 206ms (View: 204, DB: 0) | 200 OK [http://localhost/]


Processing CountriesController#index (for 127.0.0.1 at 2016-02-15 17:21:46) [GET]
Rendering template within layouts/countries
Rendering countries/index
localhost:11211 failed (count: 1)
localhost:11211 is down
DalliError: No server available
Completed in 2ms (View: 2, DB: 0) | 200 OK [http://localhost/]


Processing WithcontinentsController#index (for 127.0.0.1 at 2016-02-15 17:21:48) [GET]
Rendering withcontinents/index
Completed in 6ms (View: 3, DB: 1) | 200 OK [http://localhost/withcontinents]


Processing WithcontinentsController#show (for 127.0.0.1 at 2016-02-15 17:21:49) [GET]
  Parameters: {"id"=>"9"}
Rendering template within layouts/countries
Rendering withcontinents/show
localhost:11211 failed (count: 2)
DalliError: No server available
Completed in 4ms (View: 3, DB: 0) | 200 OK [http://localhost/withcontinents/9]


Processing CommentsController#index (for 127.0.0.1 at 2016-02-15 17:21:52) [GET]
  Parameters: {"country_id"=>"9"}
Rendering template within layouts/countries
Rendering comments/index
localhost:11211 failed (count: 3)
DalliError: No server available
Completed in 12ms (View: 4, DB: 2) | 200 OK [http://localhost/countries/9/comments]


Processing WithcontinentsController#index (for 127.0.0.1 at 2016-02-15 17:21:53) [GET]
Rendering withcontinents/index
Completed in 2ms (View: 1, DB: 0) | 200 OK [http://localhost/withcontinents]


Processing WithcontinentsController#show (for 127.0.0.1 at 2016-02-15 17:21:54) [GET]
  Parameters: {"id"=>"11"}
Rendering template within layouts/countries
Rendering withcontinents/show
localhost:11211 failed (count: 4)
DalliError: No server available
Completed in 3ms (View: 2, DB: 0) | 200 OK [http://localhost/withcontinents/11]


Processing CommentsController#index (for 127.0.0.1 at 2016-02-15 17:21:55) [GET]
  Parameters: {"country_id"=>"11"}
Rendering template within layouts/countries
Rendering comments/index
localhost:11211 failed (count: 5)
DalliError: No server available
Completed in 3ms (View: 2, DB: 0) | 200 OK [http://localhost/countries/11/comments]


Processing WithoutcontinentsController#index (for 127.0.0.1 at 2016-02-15 17:21:57) [GET]
Rendering withoutcontinents/index
Completed in 6ms (View: 3, DB: 1) | 200 OK [http://localhost/withoutcontinents]


Processing WithoutcontinentsController#show (for 127.0.0.1 at 2016-02-15 17:21:57) [GET]
  Parameters: {"id"=>"10"}
Rendering template within layouts/countries
Rendering withoutcontinents/show
localhost:11211 failed (count: 6)
DalliError: No server available
Completed in 4ms (View: 3, DB: 0) | 200 OK [http://localhost/withoutcontinents/10]


Processing CommentsController#index (for 127.0.0.1 at 2016-02-15 17:21:58) [GET]
  Parameters: {"country_id"=>"10"}
Rendering template within layouts/countries
Rendering comments/index
localhost:11211 failed (count: 7)
DalliError: No server available
Completed in 5ms (View: 3, DB: 0) | 200 OK [http://localhost/countries/10/comments]


Processing WithcontinentsController#index (for 127.0.0.1 at 2016-02-15 17:22:00) [GET]
Rendering withcontinents/index
Completed in 2ms (View: 2, DB: 0) | 200 OK [http://localhost/withcontinents]


Processing WithcontinentsController#show (for 127.0.0.1 at 2016-02-15 17:22:01) [GET]
  Parameters: {"id"=>"11"}
Rendering template within layouts/countries
Rendering withcontinents/show
localhost:11211 failed (count: 8)
DalliError: No server available
Completed in 5ms (View: 4, DB: 0) | 200 OK [http://localhost/withcontinents/11]


Processing CommentsController#index (for 127.0.0.1 at 2016-02-15 17:22:02) [GET]
  Parameters: {"country_id"=>"11"}
Rendering template within layouts/countries
Rendering comments/index
DalliError: No server available
Completed in 7ms (View: 3, DB: 0) | 200 OK [http://localhost/countries/11/comments]


Processing WithcontinentsController#index (for 127.0.0.1 at 2016-02-15 17:35:40) [GET]
Rendering withcontinents/index
Completed in 2ms (View: 1, DB: 0) | 200 OK [http://localhost/withcontinents]


Processing WithoutcontinentsController#index (for 127.0.0.1 at 2016-02-15 17:35:41) [GET]
Rendering withoutcontinents/index
Completed in 4ms (View: 3, DB: 0) | 200 OK [http://localhost/withoutcontinents]


Processing WithoutcontinentsController#show (for 127.0.0.1 at 2016-02-15 17:35:42) [GET]
  Parameters: {"id"=>"10"}
Rendering template within layouts/countries
Rendering withoutcontinents/show
localhost:11211 failed (count: 9)
DalliError: No server available
Completed in 4ms (View: 3, DB: 0) | 200 OK [http://localhost/withoutcontinents/10]


Processing CommentsController#index (for 127.0.0.1 at 2016-02-15 17:35:44) [GET]
  Parameters: {"country_id"=>"10"}
Rendering template within layouts/countries
Rendering comments/index
localhost:11211 failed (count: 10)
DalliError: No server available
Completed in 6ms (View: 4, DB: 0) | 200 OK [http://localhost/countries/10/comments]


Processing WithcontinentsController#index (for 127.0.0.1 at 2016-02-15 17:35:46) [GET]
Rendering withcontinents/index
Completed in 2ms (View: 1, DB: 0) | 200 OK [http://localhost/withcontinents]


Processing WithcontinentsController#show (for 127.0.0.1 at 2016-02-15 17:35:46) [GET]
  Parameters: {"id"=>"9"}
Rendering template within layouts/countries
Rendering withcontinents/show
localhost:11211 failed (count: 11)
DalliError: No server available
Completed in 3ms (View: 2, DB: 0) | 200 OK [http://localhost/withcontinents/9]


Processing CommentsController#index (for 127.0.0.1 at 2016-02-15 17:35:48) [GET]
  Parameters: {"country_id"=>"9"}
Rendering template within layouts/countries
Rendering comments/index
localhost:11211 failed (count: 12)
DalliError: No server available
Completed in 7ms (View: 3, DB: 0) | 200 OK [http://localhost/countries/9/comments]


Processing CountriesController#new (for 127.0.0.1 at 2016-02-15 17:41:41) [GET]
localhost:11211 failed (count: 13)
DalliError: No server available
Redirected to http://localhost:3000/login
Filter chain halted as [:check_user] rendered_or_redirected.
Completed in 1ms (DB: 0) | 302 Found [http://localhost/countries/new]


Processing SessionsController#login (for 127.0.0.1 at 2016-02-15 17:41:41) [GET]
Rendering template within layouts/countries
Rendering sessions/login
DalliError: No server available
Completed in 5ms (View: 3, DB: 0) | 200 OK [http://localhost/login]


Processing SessionsController#authenticate_login (for 127.0.0.1 at 2016-02-15 17:41:47) [POST]
  Parameters: {"commit"=>"Log In", "username"=>"Ramesh", "authenticity_token"=>"NtHPkN6xRPywRXJqkoQ29FqgTrcXs4V+8RCyd1OhKcI=", "password"=>"123"}
localhost:11211 failed (count: 14)
DalliError: No server available
Redirected to http://localhost:3000/
Completed in 2ms (DB: 0) | 302 Found [http://localhost/sessions/authenticate_login]


Processing CountriesController#index (for 127.0.0.1 at 2016-02-15 17:41:47) [GET]
Rendering template within layouts/countries
Rendering countries/index
DalliError: No server available
Completed in 2ms (View: 1, DB: 0) | 200 OK [http://localhost/]


Processing CountriesController#index (for 127.0.0.1 at 2016-02-15 17:41:53) [GET]
Rendering template within layouts/countries
Rendering countries/index
localhost:11211 failed (count: 15)
DalliError: No server available
Completed in 3ms (View: 3, DB: 0) | 200 OK [http://localhost/]


Processing CountriesController#index (for 127.0.0.1 at 2016-02-15 17:41:53) [GET]
Rendering template within layouts/countries
Rendering countries/index
DalliError: No server available
Completed in 3ms (View: 3, DB: 0) | 200 OK [http://localhost/]


Processing SessionsController#login (for 127.0.0.1 at 2016-02-15 17:41:56) [GET]
Rendering template within layouts/countries
Rendering sessions/login
localhost:11211 failed (count: 16)
DalliError: No server available
Completed in 5ms (View: 5, DB: 0) | 200 OK [http://localhost/login]


Processing SessionsController#authenticate_login (for 127.0.0.1 at 2016-02-15 17:42:01) [POST]
  Parameters: {"commit"=>"Log In", "username"=>"Ramesh", "authenticity_token"=>"NtHPkN6xRPywRXJqkoQ29FqgTrcXs4V+8RCyd1OhKcI=", "password"=>"123"}
localhost:11211 failed (count: 17)
DalliError: No server available
Redirected to http://localhost:3000/
Completed in 3ms (DB: 0) | 302 Found [http://localhost/sessions/authenticate_login]


Processing CountriesController#index (for 127.0.0.1 at 2016-02-15 17:42:01) [GET]
Rendering template within layouts/countries
Rendering countries/index
DalliError: No server available
Completed in 4ms (View: 4, DB: 0) | 200 OK [http://localhost/]


Processing CountriesController#index (for 127.0.0.1 at 2016-02-15 17:42:52) [GET]
Rendering template within layouts/countries
Rendering countries/index
localhost:11211 failed (count: 0)
DalliError: No server available
Completed in 205ms (View: 204, DB: 0) | 200 OK [http://localhost/]


Processing CountriesController#index (for 127.0.0.1 at 2016-02-15 17:43:13) [GET]
Rendering template within layouts/countries
Rendering countries/index
localhost:11211 failed (count: 1)
localhost:11211 is down
DalliError: No server available
Completed in 63ms (View: 63, DB: 0) | 200 OK [http://localhost/]


Processing CountriesController#index (for 127.0.0.1 at 2016-02-15 17:43:14) [GET]
Rendering template within layouts/countries
Rendering countries/index
DalliError: No server available
Completed in 2ms (View: 2, DB: 0) | 200 OK [http://localhost/]


Processing CountriesController#index (for 127.0.0.1 at 2016-02-15 17:43:14) [GET]
Rendering template within layouts/countries
Rendering countries/index
DalliError: No server available
Completed in 2ms (View: 2, DB: 0) | 200 OK [http://localhost/]


Processing CountriesController#index (for 127.0.0.1 at 2016-02-15 17:43:14) [GET]
Rendering template within layouts/countries
Rendering countries/index
DalliError: No server available
Completed in 1ms (View: 1, DB: 0) | 200 OK [http://localhost/]


Processing CountriesController#index (for 127.0.0.1 at 2016-02-15 17:43:15) [GET]
Rendering template within layouts/countries
Rendering countries/index
localhost:11211 failed (count: 2)
DalliError: No server available
Completed in 4ms (View: 3, DB: 0) | 200 OK [http://localhost/]


Processing SessionsController#login (for 127.0.0.1 at 2016-02-15 17:43:17) [GET]
Rendering template within layouts/countries
Rendering sessions/login
localhost:11211 failed (count: 3)
DalliError: No server available
Completed in 12ms (View: 9, DB: 0) | 200 OK [http://localhost/login]


Processing SessionsController#authenticate_login (for 127.0.0.1 at 2016-02-15 17:43:22) [POST]
  Parameters: {"authenticity_token"=>"NtHPkN6xRPywRXJqkoQ29FqgTrcXs4V+8RCyd1OhKcI=", "password"=>"123", "commit"=>"Log In", "username"=>"Ramesh"}
localhost:11211 failed (count: 4)
DalliError: No server available
Redirected to http://localhost:3000/
Completed in 7ms (DB: 1) | 302 Found [http://localhost/sessions/authenticate_login]


Processing CountriesController#index (for 127.0.0.1 at 2016-02-15 17:43:22) [GET]
Rendering template within layouts/countries
Rendering countries/index
DalliError: No server available
Completed in 1ms (View: 1, DB: 0) | 200 OK [http://localhost/]


Processing SessionsController#login (for 127.0.0.1 at 2016-02-16 15:22:28) [GET]
Rendering template within layouts/countries
Rendering sessions/login
localhost:11211 failed (count: 0)
DalliError: No server available
Completed in 215ms (View: 211, DB: 0) | 200 OK [http://localhost/login]


Processing CountriesController#index (for 127.0.0.1 at 2016-02-16 15:22:31) [GET]
Rendering template within layouts/countries
Rendering countries/index
localhost:11211 failed (count: 1)
localhost:11211 is down
DalliError: No server available
Completed in 5ms (View: 3, DB: 0) | 200 OK [http://localhost/]


Processing CountriesController#index (for 127.0.0.1 at 2016-02-16 15:22:31) [GET]
Rendering template within layouts/countries
Rendering countries/index
DalliError: No server available
Completed in 2ms (View: 2, DB: 0) | 200 OK [http://localhost/]


Processing SessionsController#login (for 127.0.0.1 at 2016-02-16 15:22:33) [GET]
Rendering template within layouts/countries
Rendering sessions/login
localhost:11211 failed (count: 2)
DalliError: No server available
Completed in 5ms (View: 5, DB: 0) | 200 OK [http://localhost/login]


Processing SessionsController#authenticate_login (for 127.0.0.1 at 2016-02-16 15:22:37) [POST]
  Parameters: {"username"=>"Ramesh", "commit"=>"Log In", "authenticity_token"=>"s/7QIj39SA/Q00WWw2jyvDSe8pCv9WR19dcyWk1YdHs=", "password"=>"123"}
localhost:11211 failed (count: 3)
DalliError: No server available
Redirected to http://localhost:3000/
Completed in 6ms (DB: 1) | 302 Found [http://localhost/sessions/authenticate_login]


Processing CountriesController#index (for 127.0.0.1 at 2016-02-16 15:22:37) [GET]
Rendering template within layouts/countries
Rendering countries/index
DalliError: No server available
Completed in 3ms (View: 3, DB: 0) | 200 OK [http://localhost/]


Processing CountriesController#index (for 127.0.0.1 at 2016-02-16 16:15:45) [GET]
Rendering template within layouts/countries
Rendering countries/index
localhost:11211 failed (count: 4)
DalliError: No server available
Completed in 3ms (View: 3, DB: 0) | 200 OK [http://localhost/]


Processing SessionsController#login (for 127.0.0.1 at 2016-02-16 16:24:06) [GET]
Rendering template within layouts/countries
Rendering sessions/login
localhost:11211 failed (count: 5)
DalliError: No server available
Completed in 4ms (View: 4, DB: 0) | 200 OK [http://localhost/login]


Processing CountriesController#new (for 127.0.0.1 at 2016-02-16 16:24:09) [GET]
localhost:11211 failed (count: 6)
DalliError: No server available
Redirected to http://localhost:3000/login
Filter chain halted as [:check_user] rendered_or_redirected.
Completed in 1ms (DB: 0) | 302 Found [http://localhost/countries/new]


Processing SessionsController#login (for 127.0.0.1 at 2016-02-16 16:24:09) [GET]
Rendering template within layouts/countries
Rendering sessions/login
DalliError: No server available
Completed in 6ms (View: 6, DB: 0) | 200 OK [http://localhost/login]


Processing SessionsController#authenticate_login (for 127.0.0.1 at 2016-02-16 16:24:18) [POST]
  Parameters: {"username"=>"Ramesh", "commit"=>"Log In", "authenticity_token"=>"s/7QIj39SA/Q00WWw2jyvDSe8pCv9WR19dcyWk1YdHs=", "password"=>"123"}
localhost:11211 failed (count: 7)
DalliError: No server available
Redirected to http://localhost:3000/
Completed in 359ms (DB: 357) | 302 Found [http://localhost/sessions/authenticate_login]


Processing CountriesController#index (for 127.0.0.1 at 2016-02-16 16:24:18) [GET]
Rendering template within layouts/countries
Rendering countries/index
DalliError: No server available
Completed in 2ms (View: 2, DB: 0) | 200 OK [http://localhost/]


Processing CommentsController#dashboard (for 127.0.0.1 at 2016-02-16 16:24:20) [GET]
Rendering template within layouts/countries
Rendering comments/dashboard
localhost:11211 failed (count: 8)
DalliError: No server available
Completed in 364ms (View: 5, DB: 355) | 200 OK [http://localhost/dashboard]


Processing CountriesController#index (for 127.0.0.1 at 2016-02-16 16:24:21) [GET]
Rendering template within layouts/countries
Rendering countries/index
localhost:11211 failed (count: 9)
DalliError: No server available
Completed in 4ms (View: 4, DB: 0) | 200 OK [http://localhost/countries]


Processing CommentsController#dashboard (for 127.0.0.1 at 2016-02-16 16:24:23) [GET]
Rendering template within layouts/countries
Rendering comments/dashboard
localhost:11211 failed (count: 10)
DalliError: No server available
Completed in 4ms (View: 3, DB: 0) | 200 OK [http://localhost/dashboard]


Processing SessionsController#login (for 127.0.0.1 at 2016-02-16 16:24:24) [GET]
Rendering template within layouts/countries
Rendering sessions/login
localhost:11211 failed (count: 11)
DalliError: No server available
Completed in 5ms (View: 5, DB: 0) | 200 OK [http://localhost/login]


Processing UsersController#new (for 127.0.0.1 at 2016-02-16 16:24:26) [GET]
Rendering template within layouts/countries
Rendering users/new
localhost:11211 failed (count: 12)
DalliError: No server available
Completed in 24ms (View: 20, DB: 0) | 200 OK [http://localhost/users/new]


Processing SessionsController#login (for 127.0.0.1 at 2016-02-16 16:24:27) [GET]
Rendering template within layouts/countries
Rendering sessions/login
DalliError: No server available
Completed in 6ms (View: 6, DB: 0) | 200 OK [http://localhost/login]


Processing CountriesController#index (for 127.0.0.1 at 2016-02-16 16:25:35) [GET]
Rendering template within layouts/countries
Rendering countries/index
localhost:11211 failed (count: 13)
DalliError: No server available
Completed in 3ms (View: 3, DB: 0) | 200 OK [http://localhost/countries]


Processing CommentsController#dashboard (for 127.0.0.1 at 2016-02-16 16:25:38) [GET]
Rendering template within layouts/countries
Rendering comments/dashboard
localhost:11211 failed (count: 14)
DalliError: No server available
Completed in 4ms (View: 3, DB: 0) | 200 OK [http://localhost/dashboard]


Processing SessionsController#login (for 127.0.0.1 at 2016-02-16 16:27:43) [GET]
Rendering template within layouts/countries
Rendering sessions/login
localhost:11211 failed (count: 15)
DalliError: No server available
Completed in 5ms (View: 4, DB: 0) | 200 OK [http://localhost/login]


Processing CountriesController#index (for 127.0.0.1 at 2016-02-16 16:45:29) [GET]
Rendering template within layouts/countries
Rendering countries/index
localhost:11211 failed (count: 16)
DalliError: No server available
Completed in 3ms (View: 3, DB: 0) | 200 OK [http://localhost/]


Processing SessionsController#authenticate_login (for 127.0.0.1 at 2016-02-16 17:39:25) [POST]
  Parameters: {"username"=>"Ramesh", "commit"=>"Log In", "authenticity_token"=>"s/7QIj39SA/Q00WWw2jyvDSe8pCv9WR19dcyWk1YdHs=", "password"=>"123"}
localhost:11211 failed (count: 17)
DalliError: No server available
Redirected to http://localhost:3000/
Completed in 110ms (DB: 61) | 302 Found [http://localhost/sessions/authenticate_login]


Processing CountriesController#index (for 127.0.0.1 at 2016-02-16 17:39:26) [GET]
Rendering template within layouts/countries
Rendering countries/index
DalliError: No server available
Completed in 2ms (View: 2, DB: 0) | 200 OK [http://localhost/]


Processing WithoutcontinentsController#index (for 127.0.0.1 at 2016-02-16 17:39:32) [GET]
Rendering withoutcontinents/index
Completed in 131ms (View: 21, DB: 107) | 200 OK [http://localhost/withoutcontinents]


Processing WithcontinentsController#index (for 127.0.0.1 at 2016-02-16 17:39:33) [GET]
Rendering withcontinents/index
Completed in 8ms (View: 4, DB: 1) | 200 OK [http://localhost/withcontinents]


Processing WithoutcontinentsController#index (for 127.0.0.1 at 2016-02-16 17:39:35) [GET]
Rendering withoutcontinents/index
Completed in 3ms (View: 2, DB: 0) | 200 OK [http://localhost/withoutcontinents]


Processing CountriesController#new (for 127.0.0.1 at 2016-02-16 17:39:36) [GET]
localhost:11211 failed (count: 18)
DalliError: No server available
Redirected to http://localhost:3000/login
Filter chain halted as [:check_user] rendered_or_redirected.
Completed in 1ms (DB: 0) | 302 Found [http://localhost/countries/new]


Processing SessionsController#login (for 127.0.0.1 at 2016-02-16 17:39:36) [GET]
Rendering template within layouts/countries
Rendering sessions/login
DalliError: No server available
Completed in 4ms (View: 4, DB: 0) | 200 OK [http://localhost/login]


Processing SessionsController#authenticate_login (for 127.0.0.1 at 2016-02-16 17:39:42) [POST]
  Parameters: {"username"=>"Ramesh", "commit"=>"Log In", "authenticity_token"=>"s/7QIj39SA/Q00WWw2jyvDSe8pCv9WR19dcyWk1YdHs=", "password"=>"123"}
localhost:11211 failed (count: 19)
DalliError: No server available
Redirected to http://localhost:3000/
Completed in 2ms (DB: 0) | 302 Found [http://localhost/sessions/authenticate_login]


Processing CountriesController#index (for 127.0.0.1 at 2016-02-16 17:39:42) [GET]
Rendering template within layouts/countries
Rendering countries/index
DalliError: No server available
Completed in 3ms (View: 3, DB: 0) | 200 OK [http://localhost/]


Processing CountriesController#new (for 127.0.0.1 at 2016-02-16 17:39:47) [GET]
localhost:11211 failed (count: 20)
DalliError: No server available
Redirected to http://localhost:3000/login
Filter chain halted as [:check_user] rendered_or_redirected.
Completed in 1ms (DB: 0) | 302 Found [http://localhost/countries/new]


Processing SessionsController#login (for 127.0.0.1 at 2016-02-16 17:39:48) [GET]
Rendering template within layouts/countries
Rendering sessions/login
DalliError: No server available
Completed in 5ms (View: 5, DB: 0) | 200 OK [http://localhost/login]


Processing WithcontinentsController#index (for 127.0.0.1 at 2016-02-16 17:39:48) [GET]
Rendering withcontinents/index
Completed in 3ms (View: 2, DB: 0) | 200 OK [http://localhost/withcontinents]


Processing CountriesController#new (for 127.0.0.1 at 2016-02-16 17:39:50) [GET]
localhost:11211 failed (count: 21)
DalliError: No server available
Redirected to http://localhost:3000/login
Filter chain halted as [:check_user] rendered_or_redirected.
Completed in 1ms (DB: 0) | 302 Found [http://localhost/countries/new]


Processing SessionsController#login (for 127.0.0.1 at 2016-02-16 17:39:50) [GET]
Rendering template within layouts/countries
Rendering sessions/login
DalliError: No server available
Completed in 4ms (View: 4, DB: 0) | 200 OK [http://localhost/login]


Processing WithcontinentsController#index (for 127.0.0.1 at 2016-02-16 17:39:51) [GET]
Rendering withcontinents/index
Completed in 3ms (View: 2, DB: 0) | 200 OK [http://localhost/withcontinents]


Processing CountriesController#index (for 127.0.0.1 at 2016-02-16 17:39:54) [GET]
Rendering template within layouts/countries
Rendering countries/index
localhost:11211 failed (count: 22)
DalliError: No server available
Completed in 3ms (View: 3, DB: 0) | 200 OK [http://localhost/]


Processing CountriesController#new (for 127.0.0.1 at 2016-02-16 17:39:57) [GET]
localhost:11211 failed (count: 23)
DalliError: No server available
Redirected to http://localhost:3000/login
Filter chain halted as [:check_user] rendered_or_redirected.
Completed in 1ms (DB: 0) | 302 Found [http://localhost/countries/new]


Processing SessionsController#login (for 127.0.0.1 at 2016-02-16 17:39:57) [GET]
Rendering template within layouts/countries
Rendering sessions/login
DalliError: No server available
Completed in 5ms (View: 5, DB: 0) | 200 OK [http://localhost/login]


Processing SessionsController#authenticate_login (for 127.0.0.1 at 2016-02-16 17:40:02) [POST]
  Parameters: {"username"=>"Ramesh", "commit"=>"Log In", "authenticity_token"=>"s/7QIj39SA/Q00WWw2jyvDSe8pCv9WR19dcyWk1YdHs=", "password"=>"123"}
localhost:11211 failed (count: 24)
DalliError: No server available
Redirected to http://localhost:3000/
Completed in 5ms (DB: 3) | 302 Found [http://localhost/sessions/authenticate_login]


Processing CountriesController#index (for 127.0.0.1 at 2016-02-16 17:40:02) [GET]
Rendering template within layouts/countries
Rendering countries/index
DalliError: No server available
Completed in 4ms (View: 3, DB: 0) | 200 OK [http://localhost/]


Processing CountriesController#index (for 127.0.0.1 at 2016-03-22 12:20:17) [GET]
Rendering template within layouts/countries
Rendering countries/index

ActionView::TemplateError (undefined method `include_stylesheets' for #<ActionView::Base:0x7f5ae15353c0>) on line #8 of app/views/layouts/countries.html.erb:
5: <head>
6:   <meta http-equiv="content-type" content="text/html;charset=UTF-8" />
7:   <title>Posts: <%= controller.action_name %></title>   
8:     <%= include_stylesheets :common, :media => 'all' %>
9:     <%= include_javascripts :common %>  
10: </head>
11: <body>

    app/views/layouts/countries.html.erb:8
    /usr/local/rvm/rubies/ree-1.8.7-2012.02/lib/ruby/1.8/webrick/httpserver.rb:104:in `service'
    /usr/local/rvm/rubies/ree-1.8.7-2012.02/lib/ruby/1.8/webrick/httpserver.rb:65:in `run'
    /usr/local/rvm/rubies/ree-1.8.7-2012.02/lib/ruby/1.8/webrick/server.rb:173:in `start_thread'
    /usr/local/rvm/rubies/ree-1.8.7-2012.02/lib/ruby/1.8/webrick/server.rb:162:in `start'
    /usr/local/rvm/rubies/ree-1.8.7-2012.02/lib/ruby/1.8/webrick/server.rb:162

Rendering rescues/layout (internal_server_error)


Processing CountriesController#index (for 127.0.0.1 at 2016-03-22 12:20:46) [GET]
Rendering template within layouts/countries
Rendering countries/index
localhost:11211 failed (count: 0)
DalliError: No server available
Completed in 205ms (View: 204, DB: 0) | 200 OK [http://localhost/]


Processing Jammit::Controller#package (for 127.0.0.1 at 2016-03-22 12:20:46) [GET]
  Parameters: {"extension"=>"css", "package"=>"common-datauri"}
Completed in 584ms (View: 0, DB: 0) | 200 OK [http://localhost/packages/common-datauri.css]


Processing Jammit::Controller#package (for 127.0.0.1 at 2016-03-22 12:20:47) [GET]
  Parameters: {"extension"=>"js", "package"=>"common"}
Completed in 2977ms (View: 1, DB: 0) | 200 OK [http://localhost/packages/common.js]


Processing SessionsController#login (for 127.0.0.1 at 2016-03-22 12:20:52) [GET]
Rendering template within layouts/countries
Rendering sessions/login
localhost:11211 failed (count: 1)
localhost:11211 is down
DalliError: No server available
Completed in 9ms (View: 6, DB: 0) | 200 OK [http://localhost/login]


Processing SessionsController#authenticate_login (for 127.0.0.1 at 2016-03-22 12:21:00) [POST]
  Parameters: {"authenticity_token"=>"ZkShBzaYdQYeqmL6BdXc2bq6ll3LsL18l9Ac02pqUCA=", "password"=>"123", "commit"=>"Log In", "username"=>"Ramesh"}
localhost:11211 failed (count: 2)
DalliError: No server available
Redirected to http://localhost:3000/
Completed in 7ms (DB: 1) | 302 Found [http://localhost/sessions/authenticate_login]


Processing CountriesController#index (for 127.0.0.1 at 2016-03-22 12:21:00) [GET]
Rendering template within layouts/countries
Rendering countries/index
DalliError: No server available
Completed in 3ms (View: 3, DB: 0) | 200 OK [http://localhost/]


Processing SessionsController#login (for 127.0.0.1 at 2016-03-22 12:21:02) [GET]
Rendering template within layouts/countries
Rendering sessions/login
localhost:11211 failed (count: 3)
DalliError: No server available
Completed in 86ms (View: 85, DB: 0) | 200 OK [http://localhost/login]


Processing SessionsController#authenticate_login (for 127.0.0.1 at 2016-03-22 12:21:06) [POST]
  Parameters: {"authenticity_token"=>"ZkShBzaYdQYeqmL6BdXc2bq6ll3LsL18l9Ac02pqUCA=", "password"=>"123", "commit"=>"Log In", "username"=>"Ramesh"}
localhost:11211 failed (count: 4)
DalliError: No server available
Redirected to http://localhost:3000/
Completed in 3ms (DB: 0) | 302 Found [http://localhost/sessions/authenticate_login]


Processing CountriesController#index (for 127.0.0.1 at 2016-03-22 12:21:06) [GET]
Rendering template within layouts/countries
Rendering countries/index
DalliError: No server available
Completed in 3ms (View: 2, DB: 0) | 200 OK [http://localhost/]


Processing SessionsController#login (for 127.0.0.1 at 2016-03-22 12:58:18) [GET]
Rendering template within layouts/countries
Rendering sessions/login
localhost:11211 failed (count: 0)
DalliError: No server available
Completed in 239ms (View: 237, DB: 0) | 200 OK [http://localhost/login]


Processing Jammit::Controller#package (for 127.0.0.1 at 2016-03-22 12:58:19) [GET]
  Parameters: {"extension"=>"js", "package"=>"common"}
Completed in 11445ms (View: 1, DB: 0) | 200 OK [http://localhost/packages/common.js]


Processing Jammit::Controller#package (for 127.0.0.1 at 2016-03-22 12:58:30) [GET]
  Parameters: {"extension"=>"css", "package"=>"common-datauri"}
Completed in 456ms (View: 0, DB: 0) | 200 OK [http://localhost/packages/common-datauri.css]


Processing CountriesController#index (for 127.0.0.1 at 2016-03-22 12:58:31) [GET]
Rendering template within layouts/countries
Rendering countries/index
localhost:11211 failed (count: 1)
localhost:11211 is down
DalliError: No server available
Completed in 12ms (View: 5, DB: 0) | 200 OK [http://localhost/]


Processing CountriesController#index (for 127.0.0.1 at 2016-03-22 12:58:31) [GET]
Rendering template within layouts/countries
Rendering countries/index
DalliError: No server available
Completed in 2ms (View: 2, DB: 0) | 200 OK [http://localhost/]


Processing CountriesController#index (for 127.0.0.1 at 2016-03-22 12:58:31) [GET]
Rendering template within layouts/countries
Rendering countries/index
DalliError: No server available
Completed in 2ms (View: 1, DB: 0) | 200 OK [http://localhost/]


Processing SessionsController#login (for 127.0.0.1 at 2016-03-22 12:58:33) [GET]
Rendering template within layouts/countries
Rendering sessions/login
localhost:11211 failed (count: 2)
DalliError: No server available
Completed in 5ms (View: 4, DB: 0) | 200 OK [http://localhost/login]


Processing SessionsController#authenticate_login (for 127.0.0.1 at 2016-03-22 12:58:38) [POST]
  Parameters: {"commit"=>"Log In", "authenticity_token"=>"vduwe70ojUGXy5oAIpccVOMOe54PJ6uFWiKg2vJzatU=", "password"=>"123", "username"=>"Ramesh"}
localhost:11211 failed (count: 3)
DalliError: No server available
Redirected to http://localhost:3000/
Completed in 433ms (DB: 421) | 302 Found [http://localhost/sessions/authenticate_login]


Processing CountriesController#index (for 127.0.0.1 at 2016-03-22 12:58:39) [GET]
Rendering template within layouts/countries
Rendering countries/index
DalliError: No server available
Completed in 3ms (View: 2, DB: 0) | 200 OK [http://localhost/]


Processing CountriesController#index (for 127.0.0.1 at 2016-03-22 15:03:09) [GET]
Rendering template within layouts/countries
Rendering countries/index
localhost:11211 failed (count: 0)
DalliError: No server available
Completed in 209ms (View: 206, DB: 0) | 200 OK [http://localhost/]


Processing Jammit::Controller#package (for 127.0.0.1 at 2016-03-22 15:03:09) [GET]
  Parameters: {"extension"=>"css", "package"=>"common-datauri"}
Completed in 608ms (View: 0, DB: 0) | 200 OK [http://localhost/packages/common-datauri.css]


Processing Jammit::Controller#package (for 127.0.0.1 at 2016-03-22 15:03:10) [GET]
  Parameters: {"extension"=>"js", "package"=>"common"}
Completed in 2621ms (View: 1, DB: 0) | 200 OK [http://localhost/packages/common.js]


Processing CountriesController#index (for 127.0.0.1 at 2016-03-22 15:05:19) [GET]
Rendering template within layouts/countries
Rendering countries/index
localhost:11211 failed (count: 1)
localhost:11211 is down
DalliError: No server available
Completed in 5ms (View: 5, DB: 0) | 200 OK [http://localhost/]


Processing CountriesController#index (for 127.0.0.1 at 2016-03-22 15:05:41) [GET]
Rendering template within layouts/countries
Rendering countries/index
localhost:11211 failed (count: 2)
DalliError: No server available
Completed in 4ms (View: 4, DB: 0) | 200 OK [http://localhost/]


Processing CountriesController#index (for 127.0.0.1 at 2016-03-22 15:06:30) [GET]
Rendering template within layouts/countries
Rendering countries/index
localhost:11211 failed (count: 3)
DalliError: No server available
Completed in 5ms (View: 4, DB: 0) | 200 OK [http://localhost/]


Processing CountriesController#index (for 127.0.0.1 at 2016-03-22 15:08:42) [GET]
Rendering template within layouts/countries
Rendering countries/index
localhost:11211 failed (count: 4)
DalliError: No server available
Completed in 2ms (View: 2, DB: 0) | 200 OK [http://localhost/]


Processing CountriesController#index (for 127.0.0.1 at 2016-03-22 15:11:57) [GET]
Rendering template within layouts/countries
Rendering countries/index
localhost:11211 failed (count: 5)
DalliError: No server available
Completed in 6ms (View: 5, DB: 0) | 200 OK [http://localhost/]


Processing CountriesController#index (for 127.0.0.1 at 2016-03-22 15:12:00) [GET]
Rendering template within layouts/countries
Rendering countries/index
localhost:11211 failed (count: 6)
DalliError: No server available
Completed in 6ms (View: 5, DB: 0) | 200 OK [http://localhost/]


Processing CountriesController#index (for 127.0.0.1 at 2016-03-22 15:12:38) [GET]
Rendering template within layouts/countries
Rendering countries/index
localhost:11211 failed (count: 7)
DalliError: No server available
Completed in 5ms (View: 5, DB: 0) | 200 OK [http://localhost/]


Processing CountriesController#index (for 127.0.0.1 at 2016-03-22 15:12:46) [GET]
Rendering template within layouts/countries
Rendering countries/index
localhost:11211 failed (count: 8)
DalliError: No server available
Completed in 3ms (View: 3, DB: 0) | 200 OK [http://localhost/]


Processing CountriesController#index (for 127.0.0.1 at 2016-03-22 15:12:47) [GET]
Rendering template within layouts/countries
Rendering countries/index
DalliError: No server available
Completed in 3ms (View: 3, DB: 0) | 200 OK [http://localhost/]


Processing CountriesController#index (for 127.0.0.1 at 2016-03-22 15:12:48) [GET]
Rendering template within layouts/countries
Rendering countries/index
localhost:11211 failed (count: 9)
DalliError: No server available
Completed in 5ms (View: 5, DB: 0) | 200 OK [http://localhost/]


Processing CountriesController#index (for 127.0.0.1 at 2016-03-22 15:13:46) [GET]
Rendering template within layouts/countries
Rendering countries/index
localhost:11211 failed (count: 0)
DalliError: No server available
Completed in 207ms (View: 205, DB: 0) | 200 OK [http://localhost/]


Processing Jammit::Controller#package (for 127.0.0.1 at 2016-03-22 15:13:46) [GET]
  Parameters: {"package"=>"common-datauri", "extension"=>"css"}
Completed in 665ms (View: 1, DB: 0) | 200 OK [http://localhost/packages/common-datauri.css]


Processing Jammit::Controller#package (for 127.0.0.1 at 2016-03-22 15:13:47) [GET]
  Parameters: {"package"=>"common", "extension"=>"js"}
Completed in 3378ms (View: 0, DB: 0) | 200 OK [http://localhost/packages/common.js]


Processing CountriesController#index (for 127.0.0.1 at 2016-03-22 15:14:20) [GET]
Rendering template within layouts/countries
Rendering countries/index
localhost:11211 failed (count: 1)
localhost:11211 is down
DalliError: No server available
Completed in 2ms (View: 2, DB: 0) | 200 OK [http://localhost/]


Processing CountriesController#index (for 127.0.0.1 at 2016-03-22 15:16:55) [GET]
Rendering template within layouts/countries
Rendering countries/index
localhost:11211 failed (count: 2)
DalliError: No server available
Completed in 2ms (View: 2, DB: 0) | 200 OK [http://localhost/]


Processing CountriesController#index (for 127.0.0.1 at 2016-03-22 15:40:20) [GET]
Rendering template within layouts/countries
Rendering countries/index
localhost:11211 failed (count: 0)
DalliError: No server available
Completed in 205ms (View: 204, DB: 0) | 200 OK [http://localhost/]


Processing Jammit::Controller#package (for 127.0.0.1 at 2016-03-22 15:40:21) [GET]
  Parameters: {"extension"=>"css", "package"=>"common-datauri"}
Completed in 680ms (View: 0, DB: 0) | 200 OK [http://localhost/packages/common-datauri.css]


Processing Jammit::Controller#package (for 127.0.0.1 at 2016-03-22 15:40:21) [GET]
  Parameters: {"extension"=>"js", "package"=>"common"}
Completed in 2776ms (View: 1, DB: 0) | 200 OK [http://localhost/packages/common.js]


Processing CountriesController#index (for 127.0.0.1 at 2016-03-22 15:40:26) [GET]
Rendering template within layouts/countries
Rendering countries/index
localhost:11211 failed (count: 1)
localhost:11211 is down
DalliError: No server available
Completed in 3ms (View: 3, DB: 0) | 200 OK [http://localhost/]


Processing CountriesController#index (for 127.0.0.1 at 2016-03-22 15:40:28) [GET]
Rendering template within layouts/countries
Rendering countries/index
localhost:11211 failed (count: 2)
DalliError: No server available
Completed in 4ms (View: 3, DB: 0) | 200 OK [http://localhost/]


Processing CountriesController#index (for 127.0.0.1 at 2016-03-22 15:41:00) [GET]
Rendering template within layouts/countries
Rendering countries/index
localhost:11211 failed (count: 3)
DalliError: No server available
Completed in 2ms (View: 2, DB: 0) | 200 OK [http://localhost/countries]


Processing CountriesController#index (for 127.0.0.1 at 2016-03-22 15:41:04) [GET]
Rendering template within layouts/countries
Rendering countries/index
localhost:11211 failed (count: 4)
DalliError: No server available
Completed in 3ms (View: 3, DB: 0) | 200 OK [http://localhost/countries]


Processing HomeController#index (for 127.0.0.1 at 2016-04-05 18:03:55) [GET]
Rendering template within layouts/countries
Rendering home/index
Completed in 3ms (View: 2, DB: 0) | 200 OK [http://localhost/]


Processing Jammit::Controller#package (for 127.0.0.1 at 2016-04-05 18:03:55) [GET]
  Parameters: {"package"=>"common-datauri", "extension"=>"css"}
Completed in 725ms (View: 1, DB: 0) | 200 OK [http://localhost/packages/common-datauri.css]


Processing Jammit::Controller#package (for 127.0.0.1 at 2016-04-05 18:03:56) [GET]
  Parameters: {"package"=>"common", "extension"=>"js"}
Completed in 2796ms (View: 0, DB: 0) | 200 OK [http://localhost/packages/common.js]


Processing CountriesController#index (for 127.0.0.1 at 2016-04-05 18:03:59) [GET]
Completed in 28ms (View: 21, DB: 2) | 200 OK [http://localhost/countries]


Processing CountriesController#show (for 127.0.0.1 at 2016-04-05 18:04:04) [GET]
  Parameters: {"id"=>"9"}
Completed in 2ms (View: 1, DB: 0) | 200 OK [http://localhost/countries/9]


Processing CommentsController#index (for 127.0.0.1 at 2016-04-05 18:04:04) [GET]
  Parameters: {"country_id"=>"9"}
Completed in 18ms (View: 5, DB: 2) | 200 OK [http://localhost/countries/9/comments]


Processing CountriesController#update (for 127.0.0.1 at 2016-04-05 18:04:04) [PUT]
  Parameters: {"id"=>"9", "continent"=>"Asia", "countrydesc"=>" It is the seventh-largest country by area, the second-most populous country with over 1.2 billion people, and the most populous democracy in the world", "clickcount"=>341, "countryname"=>"India", "created_at"=>"2016-02-01T07:13:57Z", "updated_at"=>"2016-04-05T12:31:40Z"}
Completed in 41ms (View: 1, DB: 34) | 200 OK [http://localhost/countries/9]


Processing SessionsController#userdetails (for 127.0.0.1 at 2016-04-05 18:04:04) [GET]
Completed in 4ms (View: 1, DB: 0) | 200 OK [http://localhost/userdetails]


Processing SessionsController#authenticate_user (for 127.0.0.1 at 2016-04-05 18:04:10) [POST]
  Parameters: {"password"=>"123", "username"=>"Ramesh"}
Completed in 6ms (View: 2, DB: 0) | 200 OK [http://localhost/authenticate_user]


Processing CountriesController#index (for 127.0.0.1 at 2016-04-05 18:04:10) [GET]
Completed in 6ms (View: 4, DB: 0) | 200 OK [http://localhost/countries]


Processing CountriesController#show (for 127.0.0.1 at 2016-04-05 18:04:12) [GET]
  Parameters: {"id"=>"9"}
Completed in 3ms (View: 1, DB: 0) | 200 OK [http://localhost/countries/9]


Processing CommentsController#index (for 127.0.0.1 at 2016-04-05 18:04:12) [GET]
  Parameters: {"country_id"=>"9"}
Completed in 10ms (View: 4, DB: 0) | 200 OK [http://localhost/countries/9/comments]


Processing CountriesController#update (for 127.0.0.1 at 2016-04-05 18:04:12) [PUT]
  Parameters: {"id"=>"9", "continent"=>"Asia", "countrydesc"=>" It is the seventh-largest country by area, the second-most populous country with over 1.2 billion people, and the most populous democracy in the world", "clickcount"=>342, "countryname"=>"India", "created_at"=>"2016-02-01T07:13:57Z", "updated_at"=>"2016-04-05T12:34:04Z"}
Completed in 56ms (View: 1, DB: 51) | 200 OK [http://localhost/countries/9]


Processing CommentsController#create (for 127.0.0.1 at 2016-04-05 18:04:17) [POST]
  Parameters: {"user_id"=>17, "commentbody"=>"232 1 2 32 312", "country_id"=>"9"}
Completed in 155ms (View: 1, DB: 148) | 200 OK [http://localhost/countries/9/comments]


Processing CountriesController#show (for 127.0.0.1 at 2016-04-05 18:04:23) [GET]
  Parameters: {"id"=>"11"}
Completed in 2ms (View: 1, DB: 0) | 200 OK [http://localhost/countries/11]


Processing CommentsController#index (for 127.0.0.1 at 2016-04-05 18:04:23) [GET]
  Parameters: {"country_id"=>"11"}
Completed in 6ms (View: 1, DB: 1) | 200 OK [http://localhost/countries/11/comments]


Processing CountriesController#update (for 127.0.0.1 at 2016-04-05 18:04:23) [PUT]
  Parameters: {"id"=>"11", "continent"=>"North America", "countrydesc"=>"The United States of America (USA), commonly referred to as the United States (U.S.) or America, is a federal republic[19][20] composed of 50 states, a federal district, five major territories and various possessions", "clickcount"=>73, "countryname"=>"America", "created_at"=>"2016-02-01T12:21:03Z", "updated_at"=>"2016-04-05T11:54:44Z"}
Completed in 52ms (View: 1, DB: 46) | 200 OK [http://localhost/countries/11]


Processing CommentsController#create (for 127.0.0.1 at 2016-04-05 18:04:26) [POST]
  Parameters: {"user_id"=>17, "commentbody"=>"3213 213", "country_id"=>"11"}
Completed in 54ms (View: 0, DB: 49) | 200 OK [http://localhost/countries/11/comments]


Processing CommentsController#countrydashboard (for 127.0.0.1 at 2016-04-05 18:04:29) [GET]
Completed in 3ms (View: 1, DB: 0) | 200 OK [http://localhost/countrydashboard]


Processing CommentsController#userdashboard (for 127.0.0.1 at 2016-04-05 18:04:29) [GET]
Completed in 4ms (View: 1, DB: 0) | 200 OK [http://localhost/userdashboard]


Processing WithcontinentsController#index (for 127.0.0.1 at 2016-04-05 18:04:29) [GET]
Completed in 9ms (View: 4, DB: 0) | 200 OK [http://localhost/withcontinents]


Processing WithoutcontinentsController#index (for 127.0.0.1 at 2016-04-05 18:04:29) [GET]
Completed in 7ms (View: 2, DB: 0) | 200 OK [http://localhost/withoutcontinents]


Processing SessionsController#logout (for 127.0.0.1 at 2016-04-05 18:04:32) [GET]
Redirected to http://localhost:3000/
Completed in 1ms (DB: 0) | 302 Found [http://localhost/logout]


Processing HomeController#index (for 127.0.0.1 at 2016-04-05 18:04:32) [GET]
Rendering template within layouts/countries
Rendering home/index
Completed in 2ms (View: 2, DB: 0) | 200 OK [http://localhost/]


Processing CountriesController#index (for 127.0.0.1 at 2016-04-05 18:04:32) [GET]
Completed in 7ms (View: 6, DB: 0) | 200 OK [http://localhost/countries]


Processing CountriesController#show (for 127.0.0.1 at 2016-04-05 18:04:36) [GET]
  Parameters: {"id"=>"9"}
Completed in 3ms (View: 1, DB: 0) | 200 OK [http://localhost/countries/9]


Processing CommentsController#index (for 127.0.0.1 at 2016-04-05 18:04:36) [GET]
  Parameters: {"country_id"=>"9"}
Completed in 14ms (View: 4, DB: 2) | 200 OK [http://localhost/countries/9/comments]


Processing CountriesController#update (for 127.0.0.1 at 2016-04-05 18:04:36) [PUT]
  Parameters: {"id"=>"9", "continent"=>"Asia", "countrydesc"=>" It is the seventh-largest country by area, the second-most populous country with over 1.2 billion people, and the most populous democracy in the world", "clickcount"=>343, "countryname"=>"India", "created_at"=>"2016-02-01T07:13:57Z", "updated_at"=>"2016-04-05T12:34:12Z"}
Completed in 119ms (View: 1, DB: 112) | 200 OK [http://localhost/countries/9]


Processing SessionsController#userdetails (for 127.0.0.1 at 2016-04-05 18:04:36) [GET]
Completed in 1ms (View: 0, DB: 0) | 200 OK [http://localhost/userdetails]
